2026-03-04 21:33:06,731 - INFO - Found 4637 PCF files to process
2026-03-04 21:33:06,731 - INFO - Include CONTINUATION: NO
2026-03-04 21:33:06,731 - INFO - Generate reports: {'pipeline': True, 'instruments': True, 'lengths': True, 'errors': True}
2026-03-04 21:33:06,732 - INFO - Validation pass - checking for errors...
2026-03-04 21:33:11,667 - INFO - First pass - analyzing file structure...
2026-03-04 21:33:14,030 - INFO - Found 32 unique parameters across all files
2026-03-04 21:33:14,030 - INFO - Second pass - collecting data...
2026-03-04 21:33:28,546 - INFO - Enriched 7628 length records with Status and Index. Processed 1683 unique LINEIDs.
2026-03-04 21:33:30,126 - INFO - Saved: PCF_Pipeline_Attributes.xlsx
2026-03-04 21:33:30,283 - INFO - Saved: PCF_Instruments.xlsx
2026-03-04 21:33:31,138 - INFO - Saved: PCF_PipeLengthFromPCF.xlsx
2026-03-04 21:33:31,397 - INFO - Saved: PCF_Errors.xlsx
2026-03-04 21:33:31,397 - INFO - Processing completed. Processed=4637, Errors=0
2026-03-04 22:19:40,372 - INFO - Found 4637 PCF files to process
2026-03-04 22:19:40,373 - INFO - Include CONTINUATION: NO
2026-03-04 22:19:40,373 - INFO - Generate reports: {'pipeline': True, 'instruments': True, 'lengths': True, 'errors': True}
2026-03-04 22:19:40,373 - INFO - Validation pass - checking for errors...
2026-03-04 22:20:01,712 - INFO - First pass - analyzing file structure...
2026-03-04 22:20:04,108 - INFO - Found 32 unique parameters across all files
2026-03-04 22:20:04,108 - INFO - Second pass - collecting data...
2026-03-04 22:20:18,444 - INFO - Enriched 7628 length records with Status and Index. Processed 4608 unique (LINEID, Date, Revision, Folder_Path) combinations.
2026-03-04 22:20:19,983 - INFO - Saved: PCF_Pipeline_Attributes.xlsx
2026-03-04 22:20:20,195 - INFO - Saved: PCF_Instruments.xlsx
2026-03-04 22:20:20,988 - INFO - Saved: PCF_PipeLengthFromPCF.xlsx
2026-03-04 22:20:21,229 - INFO - Saved: PCF_Errors.xlsx
2026-03-04 22:20:21,229 - INFO - Processing completed. Processed=4637, Errors=0
2026-03-04 22:31:55,700 - INFO - Found 4637 PCF files to process
2026-03-04 22:31:55,700 - INFO - Include CONTINUATION: NO
2026-03-04 22:31:55,701 - INFO - Generate reports: {'pipeline': True, 'instruments': True, 'lengths': True, 'errors': True}
2026-03-04 22:31:55,701 - INFO - Validation pass - checking for errors...
2026-03-04 22:31:58,173 - INFO - First pass - analyzing file structure...
2026-03-04 22:32:00,578 - INFO - Found 32 unique parameters across all files
2026-03-04 22:32:00,578 - INFO - Second pass - collecting data...
2026-03-04 22:32:15,063 - INFO - Enriched 7628 length records with Status and Index. Processed 1683 LINEIDs with 4608 total unique combinations.
2026-03-04 22:32:16,588 - INFO - Saved: PCF_Pipeline_Attributes.xlsx
2026-03-04 22:32:16,749 - INFO - Saved: PCF_Instruments.xlsx
2026-03-04 22:32:17,634 - INFO - Saved: PCF_PipeLengthFromPCF.xlsx
2026-03-04 22:32:17,877 - INFO - Saved: PCF_Errors.xlsx
2026-03-04 22:32:17,877 - INFO - Processing completed. Processed=4637, Errors=0
2026-03-04 22:36:18,495 - INFO - Found 3176 PCF files to process
2026-03-04 22:36:18,495 - INFO - Include CONTINUATION: NO
2026-03-04 22:36:18,495 - INFO - Generate reports: {'pipeline': True, 'instruments': True, 'lengths': True, 'errors': True}
2026-03-04 22:36:18,495 - INFO - Validation pass - checking for errors...
2026-03-04 22:36:20,257 - INFO - First pass - analyzing file structure...
2026-03-04 22:36:21,852 - INFO - Found 32 unique parameters across all files
2026-03-04 22:36:21,852 - INFO - Second pass - collecting data...
2026-03-04 22:36:31,737 - INFO - Enriched 5198 length records with Status and Index. Processed 1683 LINEIDs with 3147 total unique combinations.
2026-03-04 22:36:32,814 - INFO - Saved: PCF_Pipeline_Attributes.xlsx
2026-03-04 22:36:32,925 - INFO - Saved: PCF_Instruments.xlsx
2026-03-04 22:36:33,520 - INFO - Saved: PCF_PipeLengthFromPCF.xlsx
2026-03-04 22:36:33,685 - INFO - Saved: PCF_Errors.xlsx
2026-03-04 22:36:33,685 - INFO - Processing completed. Processed=3176, Errors=0
